<?xml version="1.0" encoding="UTF-8"?>
<testng-results ignored="0" total="2" passed="2" failed="0" skipped="0">
  <reporter-output>
  </reporter-output>
  <suite started-at="2023-07-13T16:05:08 GMT-04:00" name="Default suite" finished-at="2023-07-13T16:05:11 GMT-04:00" duration-ms="2617">
    <groups>
    </groups>
    <test started-at="2023-07-13T16:05:08 GMT-04:00" name="Default test" finished-at="2023-07-13T16:05:11 GMT-04:00" duration-ms="2617">
      <class name="tests.TestExamples">
        <test-method signature="test_1()[pri:0, instance:tests.TestExamples@614ca7df]" started-at="2023-07-13T16:05:08 GMT-04:00" name="test_1" finished-at="2023-07-13T16:05:10 GMT-04:00" duration-ms="1676" status="PASS">
          <reporter-output>
          </reporter-output>
        </test-method> <!-- test_1 -->
        <test-method signature="test_2()[pri:0, instance:tests.TestExamples@614ca7df]" started-at="2023-07-13T16:05:10 GMT-04:00" name="test_2" finished-at="2023-07-13T16:05:11 GMT-04:00" duration-ms="892" status="PASS">
          <reporter-output>
          </reporter-output>
        </test-method> <!-- test_2 -->
      </class> <!-- tests.TestExamples -->
    </test> <!-- Default test -->
  </suite> <!-- Default suite -->
</testng-results>
